
. use "_data/ex_mydf.dta", clear
(PGEN: Feb 12, 2017 13:00:53-1 DBV32L)

. 
. reg hwageb pgbilzeit c.erf##c.erf frau ost if asample==1 & syear==2015 [pw=ph
> rf]
(sum of wgt is   3.3886e+07)

Linear regression                               Number of obs     =     14,218
                                                F(5, 14212)       =     223.24
                                                Prob > F          =     0.0000
                                                R-squared         =     0.2354
                                                Root MSE          =     10.007

------------------------------------------------------------------------------
             |               Robust
      hwageb |      Coef.   Std. Err.      t    P>|t|     [95% Conf. Interval]
-------------+----------------------------------------------------------------
   pgbilzeit |   1.616197    .061299    26.37   0.000     1.496043    1.736351
         erf |    .585291   .0352085    16.62   0.000     .5162778    .6543042
             |
 c.erf#c.erf |  -.0088073    .000908    -9.70   0.000    -.0105872   -.0070275
             |
        frau |  -2.914366   .2435542   -11.97   0.000    -3.391764   -2.436968
         ost |  -4.191624   .2685655   -15.61   0.000    -4.718047     -3.6652
       _cons |  -8.353138   .7982404   -10.46   0.000    -9.917793   -6.788482
------------------------------------------------------------------------------

. 
. qui: margins, at(erf=(0(10)65))

